  StdAfx.cpp
d:\freepcbdev\schematic constructor\stdafx.h(53): warning C4005: ASSERT: изменение макроопределения
          C:\Program Files (x86)\Microsoft Visual Studio 10.0\VC\atlmfc\include\afx.h(333): см. предыдущее определение "ASSERT"
  BomInTable.cpp
  CCompare.cpp
  ComponentNoteExt.cpp
  Cuid.cpp
  DesignRules.cpp
  DisplayList.cpp
  DlgAddMaskCutout.cpp
  DlgAddMerge.cpp
  DlgAddPoly.cpp
  DlgAddText.cpp
  DlgAddWidth.cpp
  DlgAttr.cpp
  DlgAttrSync.cpp
  DlgCAD.cpp
  DlgChangeLayer.cpp
  DlgCreateBranch.cpp
  DlgDRC.cpp
  DlgEditBoardCorner.cpp
  DlgFindPart.cpp
  DlgImportMerge.cpp
  Компиляция...
  DlgImportOptions.cpp
  DlgImportPart.cpp
  DlgIndexing.cpp
  DlgLayers.cpp
  DlgLog.cpp
  DlgMoveOrigin.cpp
  DlgMyMessageBox.cpp
  DlgMyMessageBox2.cpp
  DlgPDFLayers.cpp
  DlgPartlist.cpp
  DlgPinMap.cpp
  DlgProjectOptions.cpp
  DlgProtection.cpp
  DlgReassignLayers.cpp
  DlgRenumbers.cpp
  DlgReplaceText.cpp
  DlgReport.cpp
  DlgSetAreaHatch.cpp
  DlgShortcuts.cpp
  DlgSideStyle.cpp
  Компиляция...
  Documents.cpp
  FreePcbView.cpp
  FreeSch.cpp
  Gerber.cpp
  ImportNetlist.cpp
  LibPointer.cpp
  MainFrm.cpp
  MyToolBar.cpp
  NetlistSettings.cpp
  Pages.cpp
  PartTemplate.cpp
  PathDialog.cpp
  PolyLine.cpp
  QAFDebug.cpp
  RTcall.cpp
  ReadFootprintFolder.cpp
  ReportFiles.cpp
  SpeedFiles.cpp
  TagTable.cpp
  TextList.cpp
  Компиляция...
  UndoList.cpp
  afxasert.cpp
  file_io.cpp
  gpc_232.cpp
  php_polygon.cpp
  php_polygon_vertex.cpp
  smcharacter.cpp
  smfontutil.cpp
  utility.cpp
  Создание кода
  Создание кода завершено
  FreePcb.vcxproj -> D:\FreePCBDev\Schematic Constructor\.\Debug\СхемАтор.exe
