D:\FreePCBDev\Schematic Constructor\.\Debug\СхемАтор.exe
D:\FREEPCBDEV\SCHEMATIC CONSTRUCTOR\DEBUG\AFXASERT.OBJ
D:\FreePCBDev\Schematic Constructor\Debug\afxasert.sbr
D:\FREEPCBDEV\SCHEMATIC CONSTRUCTOR\DEBUG\BOMINTABLE.OBJ
D:\FREEPCBDEV\SCHEMATIC CONSTRUCTOR\DEBUG\BOMINTABLE.SBR
D:\FreePCBDev\Schematic Constructor\Debug\BscMake.command.1.tlog
D:\FreePCBDev\Schematic Constructor\Debug\bscmake.read.1.tlog
D:\FreePCBDev\Schematic Constructor\Debug\bscmake.write.1.tlog
D:\FREEPCBDEV\SCHEMATIC CONSTRUCTOR\DEBUG\CCOMPARE.OBJ
D:\FreePCBDev\Schematic Constructor\Debug\CCompare.sbr
D:\FreePCBDev\Schematic Constructor\Debug\cl.command.1.tlog
D:\FreePCBDev\Schematic Constructor\Debug\CL.read.1.tlog
D:\FreePCBDev\Schematic Constructor\Debug\CL.write.1.tlog
D:\FREEPCBDEV\SCHEMATIC CONSTRUCTOR\DEBUG\COMPONENTNOTEEXT.OBJ
D:\FreePCBDev\Schematic Constructor\Debug\ComponentNoteExt.sbr
D:\FREEPCBDEV\SCHEMATIC CONSTRUCTOR\DEBUG\CUID.OBJ
D:\FreePCBDev\Schematic Constructor\Debug\Cuid.sbr
D:\FREEPCBDEV\SCHEMATIC CONSTRUCTOR\DEBUG\DESIGNRULES.OBJ
D:\FreePCBDev\Schematic Constructor\Debug\DesignRules.sbr
D:\FREEPCBDEV\SCHEMATIC CONSTRUCTOR\DEBUG\DISPLAYLIST.OBJ
D:\FreePCBDev\Schematic Constructor\Debug\DisplayList.sbr
D:\FREEPCBDEV\SCHEMATIC CONSTRUCTOR\DEBUG\DLGADDMASKCUTOUT.OBJ
D:\FreePCBDev\Schematic Constructor\Debug\DlgAddMaskCutout.sbr
D:\FREEPCBDEV\SCHEMATIC CONSTRUCTOR\DEBUG\DLGADDMERGE.OBJ
D:\FreePCBDev\Schematic Constructor\Debug\DlgAddMerge.sbr
D:\FREEPCBDEV\SCHEMATIC CONSTRUCTOR\DEBUG\DLGADDPOLY.OBJ
D:\FreePCBDev\Schematic Constructor\Debug\DlgAddPoly.sbr
D:\FREEPCBDEV\SCHEMATIC CONSTRUCTOR\DEBUG\DLGADDTEXT.OBJ
D:\FreePCBDev\Schematic Constructor\Debug\DlgAddText.sbr
D:\FREEPCBDEV\SCHEMATIC CONSTRUCTOR\DEBUG\DLGADDWIDTH.OBJ
D:\FreePCBDev\Schematic Constructor\Debug\DlgAddWidth.sbr
D:\FREEPCBDEV\SCHEMATIC CONSTRUCTOR\DEBUG\DLGATTR.OBJ
D:\FREEPCBDEV\SCHEMATIC CONSTRUCTOR\DEBUG\DLGATTR.SBR
D:\FREEPCBDEV\SCHEMATIC CONSTRUCTOR\DEBUG\DLGATTRSYNC.OBJ
D:\FREEPCBDEV\SCHEMATIC CONSTRUCTOR\DEBUG\DLGATTRSYNC.SBR
D:\FREEPCBDEV\SCHEMATIC CONSTRUCTOR\DEBUG\DLGCAD.OBJ
D:\FREEPCBDEV\SCHEMATIC CONSTRUCTOR\DEBUG\DLGCAD.SBR
D:\FREEPCBDEV\SCHEMATIC CONSTRUCTOR\DEBUG\DLGCHANGELAYER.OBJ
D:\FreePCBDev\Schematic Constructor\Debug\DlgChangeLayer.sbr
D:\FREEPCBDEV\SCHEMATIC CONSTRUCTOR\DEBUG\DLGCREATEBRANCH.OBJ
D:\FREEPCBDEV\SCHEMATIC CONSTRUCTOR\DEBUG\DLGCREATEBRANCH.SBR
D:\FREEPCBDEV\SCHEMATIC CONSTRUCTOR\DEBUG\DLGDRC.OBJ
D:\FreePCBDev\Schematic Constructor\Debug\DlgDRC.sbr
D:\FREEPCBDEV\SCHEMATIC CONSTRUCTOR\DEBUG\DLGEDITBOARDCORNER.OBJ
D:\FreePCBDev\Schematic Constructor\Debug\DlgEditBoardCorner.sbr
D:\FREEPCBDEV\SCHEMATIC CONSTRUCTOR\DEBUG\DLGFINDPART.OBJ
D:\FreePCBDev\Schematic Constructor\Debug\DlgFindPart.sbr
D:\FREEPCBDEV\SCHEMATIC CONSTRUCTOR\DEBUG\DLGIMPORTMERGE.OBJ
D:\FREEPCBDEV\SCHEMATIC CONSTRUCTOR\DEBUG\DLGIMPORTMERGE.SBR
D:\FREEPCBDEV\SCHEMATIC CONSTRUCTOR\DEBUG\DLGIMPORTOPTIONS.OBJ
D:\FreePCBDev\Schematic Constructor\Debug\DlgImportOptions.sbr
D:\FREEPCBDEV\SCHEMATIC CONSTRUCTOR\DEBUG\DLGIMPORTPART.OBJ
D:\FREEPCBDEV\SCHEMATIC CONSTRUCTOR\DEBUG\DLGIMPORTPART.SBR
D:\FREEPCBDEV\SCHEMATIC CONSTRUCTOR\DEBUG\DLGINDEXING.OBJ
D:\FreePCBDev\Schematic Constructor\Debug\DlgIndexing.sbr
D:\FREEPCBDEV\SCHEMATIC CONSTRUCTOR\DEBUG\DLGLAYERS.OBJ
D:\FreePCBDev\Schematic Constructor\Debug\DlgLayers.sbr
D:\FREEPCBDEV\SCHEMATIC CONSTRUCTOR\DEBUG\DLGLOG.OBJ
D:\FREEPCBDEV\SCHEMATIC CONSTRUCTOR\DEBUG\DLGLOG.SBR
D:\FREEPCBDEV\SCHEMATIC CONSTRUCTOR\DEBUG\DLGMOVEORIGIN.OBJ
D:\FreePCBDev\Schematic Constructor\Debug\DlgMoveOrigin.sbr
D:\FREEPCBDEV\SCHEMATIC CONSTRUCTOR\DEBUG\DLGMYMESSAGEBOX.OBJ
D:\FreePCBDev\Schematic Constructor\Debug\DlgMyMessageBox.sbr
D:\FREEPCBDEV\SCHEMATIC CONSTRUCTOR\DEBUG\DLGMYMESSAGEBOX2.OBJ
D:\FreePCBDev\Schematic Constructor\Debug\DlgMyMessageBox2.sbr
D:\FREEPCBDEV\SCHEMATIC CONSTRUCTOR\DEBUG\DLGPARTLIST.OBJ
D:\FREEPCBDEV\SCHEMATIC CONSTRUCTOR\DEBUG\DLGPARTLIST.SBR
D:\FREEPCBDEV\SCHEMATIC CONSTRUCTOR\DEBUG\DLGPDFLAYERS.OBJ
D:\FREEPCBDEV\SCHEMATIC CONSTRUCTOR\DEBUG\DLGPDFLAYERS.SBR
D:\FREEPCBDEV\SCHEMATIC CONSTRUCTOR\DEBUG\DLGPINMAP.OBJ
D:\FREEPCBDEV\SCHEMATIC CONSTRUCTOR\DEBUG\DLGPINMAP.SBR
D:\FREEPCBDEV\SCHEMATIC CONSTRUCTOR\DEBUG\DLGPROJECTOPTIONS.OBJ
D:\FREEPCBDEV\SCHEMATIC CONSTRUCTOR\DEBUG\DLGPROJECTOPTIONS.SBR
D:\FREEPCBDEV\SCHEMATIC CONSTRUCTOR\DEBUG\DLGPROTECTION.OBJ
D:\FreePCBDev\Schematic Constructor\Debug\DlgProtection.sbr
D:\FREEPCBDEV\SCHEMATIC CONSTRUCTOR\DEBUG\DLGREASSIGNLAYERS.OBJ
D:\FreePCBDev\Schematic Constructor\Debug\DlgReassignLayers.sbr
D:\FREEPCBDEV\SCHEMATIC CONSTRUCTOR\DEBUG\DLGRENUMBERS.OBJ
D:\FREEPCBDEV\SCHEMATIC CONSTRUCTOR\DEBUG\DLGRENUMBERS.SBR
D:\FREEPCBDEV\SCHEMATIC CONSTRUCTOR\DEBUG\DLGREPLACETEXT.OBJ
D:\FREEPCBDEV\SCHEMATIC CONSTRUCTOR\DEBUG\DLGREPLACETEXT.SBR
D:\FREEPCBDEV\SCHEMATIC CONSTRUCTOR\DEBUG\DLGREPORT.OBJ
D:\FREEPCBDEV\SCHEMATIC CONSTRUCTOR\DEBUG\DLGREPORT.SBR
D:\FREEPCBDEV\SCHEMATIC CONSTRUCTOR\DEBUG\DLGSETAREAHATCH.OBJ
D:\FreePCBDev\Schematic Constructor\Debug\DlgSetAreaHatch.sbr
D:\FREEPCBDEV\SCHEMATIC CONSTRUCTOR\DEBUG\DLGSHORTCUTS.OBJ
D:\FreePCBDev\Schematic Constructor\Debug\DlgShortcuts.sbr
D:\FREEPCBDEV\SCHEMATIC CONSTRUCTOR\DEBUG\DLGSIDESTYLE.OBJ
D:\FreePCBDev\Schematic Constructor\Debug\DlgSideStyle.sbr
D:\FREEPCBDEV\SCHEMATIC CONSTRUCTOR\DEBUG\DOCUMENTS.OBJ
D:\FREEPCBDEV\SCHEMATIC CONSTRUCTOR\DEBUG\DOCUMENTS.SBR
D:\FREEPCBDEV\SCHEMATIC CONSTRUCTOR\DEBUG\FILE_IO.OBJ
D:\FREEPCBDEV\SCHEMATIC CONSTRUCTOR\DEBUG\FILE_IO.SBR
D:\FREEPCBDEV\SCHEMATIC CONSTRUCTOR\DEBUG\FREECDS.BSC
D:\FreePCBDev\Schematic Constructor\Debug\FreeCds.ilk
D:\FREEPCBDEV\SCHEMATIC CONSTRUCTOR\DEBUG\FREECDS.PCH
D:\FreePCBDev\Schematic Constructor\Debug\FreeCds.pdb
D:\FreePCBDev\Schematic Constructor\Debug\FreePcb.vcxprojResolveAssemblyReference.cache
D:\FREEPCBDEV\SCHEMATIC CONSTRUCTOR\DEBUG\FREEPCBVIEW.OBJ
D:\FREEPCBDEV\SCHEMATIC CONSTRUCTOR\DEBUG\FREEPCBVIEW.SBR
D:\FREEPCBDEV\SCHEMATIC CONSTRUCTOR\DEBUG\FREESCH.OBJ
D:\FREEPCBDEV\SCHEMATIC CONSTRUCTOR\DEBUG\FREESCH.RES
D:\FREEPCBDEV\SCHEMATIC CONSTRUCTOR\DEBUG\FREESCH.SBR
D:\FreePCBDev\Schematic Constructor\Debug\FreeSch.write.1.tlog
D:\FREEPCBDEV\SCHEMATIC CONSTRUCTOR\DEBUG\GERBER.OBJ
D:\FreePCBDev\Schematic Constructor\Debug\Gerber.sbr
D:\FREEPCBDEV\SCHEMATIC CONSTRUCTOR\DEBUG\GPC_232.OBJ
D:\FreePCBDev\Schematic Constructor\Debug\gpc_232.sbr
D:\FREEPCBDEV\SCHEMATIC CONSTRUCTOR\DEBUG\IMPORTNETLIST.OBJ
D:\FREEPCBDEV\SCHEMATIC CONSTRUCTOR\DEBUG\IMPORTNETLIST.SBR
D:\FREEPCBDEV\SCHEMATIC CONSTRUCTOR\DEBUG\LIBPOINTER.OBJ
D:\FreePCBDev\Schematic Constructor\Debug\LibPointer.sbr
D:\FreePCBDev\Schematic Constructor\Debug\link.10724.read.1.tlog
D:\FreePCBDev\Schematic Constructor\Debug\link.10724.write.1.tlog
D:\FreePCBDev\Schematic Constructor\Debug\link.10724-cvtres.read.1.tlog
D:\FreePCBDev\Schematic Constructor\Debug\link.10724-cvtres.write.1.tlog
D:\FreePCBDev\Schematic Constructor\Debug\link.11404.read.1.tlog
D:\FreePCBDev\Schematic Constructor\Debug\link.11404.write.1.tlog
D:\FreePCBDev\Schematic Constructor\Debug\link.11404-cvtres.read.1.tlog
D:\FreePCBDev\Schematic Constructor\Debug\link.11404-cvtres.write.1.tlog
D:\FreePCBDev\Schematic Constructor\Debug\link.12296.read.1.tlog
D:\FreePCBDev\Schematic Constructor\Debug\link.12296.write.1.tlog
D:\FreePCBDev\Schematic Constructor\Debug\link.12296-cvtres.read.1.tlog
D:\FreePCBDev\Schematic Constructor\Debug\link.12296-cvtres.write.1.tlog
D:\FreePCBDev\Schematic Constructor\Debug\link.13688.read.1.tlog
D:\FreePCBDev\Schematic Constructor\Debug\link.13688.write.1.tlog
D:\FreePCBDev\Schematic Constructor\Debug\link.13688-cvtres.read.1.tlog
D:\FreePCBDev\Schematic Constructor\Debug\link.13688-cvtres.write.1.tlog
D:\FreePCBDev\Schematic Constructor\Debug\link.14084.read.1.tlog
D:\FreePCBDev\Schematic Constructor\Debug\link.14084.write.1.tlog
D:\FreePCBDev\Schematic Constructor\Debug\link.14084-cvtres.read.1.tlog
D:\FreePCBDev\Schematic Constructor\Debug\link.14084-cvtres.write.1.tlog
D:\FreePCBDev\Schematic Constructor\Debug\link.20596.read.1.tlog
D:\FreePCBDev\Schematic Constructor\Debug\link.20596.read.2.tlog
D:\FreePCBDev\Schematic Constructor\Debug\link.20596.write.1.tlog
D:\FreePCBDev\Schematic Constructor\Debug\link.20596-cvtres.read.1.tlog
D:\FreePCBDev\Schematic Constructor\Debug\link.20596-cvtres.write.1.tlog
D:\FreePCBDev\Schematic Constructor\Debug\link.2664.read.1.tlog
D:\FreePCBDev\Schematic Constructor\Debug\link.2664.write.1.tlog
D:\FreePCBDev\Schematic Constructor\Debug\link.2664-cvtres.read.1.tlog
D:\FreePCBDev\Schematic Constructor\Debug\link.2664-cvtres.write.1.tlog
D:\FreePCBDev\Schematic Constructor\Debug\link.3260.read.1.tlog
D:\FreePCBDev\Schematic Constructor\Debug\link.3260.write.1.tlog
D:\FreePCBDev\Schematic Constructor\Debug\link.3260-cvtres.read.1.tlog
D:\FreePCBDev\Schematic Constructor\Debug\link.3260-cvtres.write.1.tlog
D:\FreePCBDev\Schematic Constructor\Debug\link.4636.read.1.tlog
D:\FreePCBDev\Schematic Constructor\Debug\link.4636.write.1.tlog
D:\FreePCBDev\Schematic Constructor\Debug\link.4636-cvtres.read.1.tlog
D:\FreePCBDev\Schematic Constructor\Debug\link.4636-cvtres.write.1.tlog
D:\FreePCBDev\Schematic Constructor\Debug\link.5652.read.1.tlog
D:\FreePCBDev\Schematic Constructor\Debug\link.5652.read.2.tlog
D:\FreePCBDev\Schematic Constructor\Debug\link.5652.write.1.tlog
D:\FreePCBDev\Schematic Constructor\Debug\link.5652-cvtres.read.1.tlog
D:\FreePCBDev\Schematic Constructor\Debug\link.5652-cvtres.write.1.tlog
D:\FreePCBDev\Schematic Constructor\Debug\link.5936.read.1.tlog
D:\FreePCBDev\Schematic Constructor\Debug\link.5936.write.1.tlog
D:\FreePCBDev\Schematic Constructor\Debug\link.5936-cvtres.read.1.tlog
D:\FreePCBDev\Schematic Constructor\Debug\link.5936-cvtres.write.1.tlog
D:\FreePCBDev\Schematic Constructor\Debug\link.632.read.1.tlog
D:\FreePCBDev\Schematic Constructor\Debug\link.632.write.1.tlog
D:\FreePCBDev\Schematic Constructor\Debug\link.632-cvtres.read.1.tlog
D:\FreePCBDev\Schematic Constructor\Debug\link.632-cvtres.write.1.tlog
D:\FreePCBDev\Schematic Constructor\Debug\link.6644.read.1.tlog
D:\FreePCBDev\Schematic Constructor\Debug\link.6644.write.1.tlog
D:\FreePCBDev\Schematic Constructor\Debug\link.6644-cvtres.read.1.tlog
D:\FreePCBDev\Schematic Constructor\Debug\link.6644-cvtres.write.1.tlog
D:\FreePCBDev\Schematic Constructor\Debug\link.9392.read.1.tlog
D:\FreePCBDev\Schematic Constructor\Debug\link.9392.write.1.tlog
D:\FreePCBDev\Schematic Constructor\Debug\link.9392-cvtres.read.1.tlog
D:\FreePCBDev\Schematic Constructor\Debug\link.9392-cvtres.write.1.tlog
D:\FreePCBDev\Schematic Constructor\Debug\link.9580.read.1.tlog
D:\FreePCBDev\Schematic Constructor\Debug\link.9580.write.1.tlog
D:\FreePCBDev\Schematic Constructor\Debug\link.9580-cvtres.read.1.tlog
D:\FreePCBDev\Schematic Constructor\Debug\link.9580-cvtres.write.1.tlog
D:\FreePCBDev\Schematic Constructor\Debug\link.command.1.tlog
D:\FreePCBDev\Schematic Constructor\Debug\link.read.1.tlog
D:\FreePCBDev\Schematic Constructor\Debug\link.read.2.tlog
D:\FreePCBDev\Schematic Constructor\Debug\link.write.1.tlog
D:\FreePCBDev\Schematic Constructor\Debug\link-cvtres.read.1.tlog
D:\FreePCBDev\Schematic Constructor\Debug\link-cvtres.write.1.tlog
D:\FREEPCBDEV\SCHEMATIC CONSTRUCTOR\DEBUG\MAINFRM.OBJ
D:\FreePCBDev\Schematic Constructor\Debug\MainFrm.sbr
D:\FREEPCBDEV\SCHEMATIC CONSTRUCTOR\DEBUG\MYTOOLBAR.OBJ
D:\FreePCBDev\Schematic Constructor\Debug\MyToolBar.sbr
D:\FREEPCBDEV\SCHEMATIC CONSTRUCTOR\DEBUG\NETLISTSETTINGS.OBJ
D:\FREEPCBDEV\SCHEMATIC CONSTRUCTOR\DEBUG\NETLISTSETTINGS.SBR
D:\FREEPCBDEV\SCHEMATIC CONSTRUCTOR\DEBUG\PAGES.OBJ
D:\FREEPCBDEV\SCHEMATIC CONSTRUCTOR\DEBUG\PAGES.SBR
D:\FREEPCBDEV\SCHEMATIC CONSTRUCTOR\DEBUG\PARTTEMPLATE.OBJ
D:\FreePCBDev\Schematic Constructor\Debug\PartTemplate.sbr
D:\FREEPCBDEV\SCHEMATIC CONSTRUCTOR\DEBUG\PATHDIALOG.OBJ
D:\FreePCBDev\Schematic Constructor\Debug\PathDialog.sbr
D:\FREEPCBDEV\SCHEMATIC CONSTRUCTOR\DEBUG\PHP_POLYGON.OBJ
D:\FreePCBDev\Schematic Constructor\Debug\php_polygon.sbr
D:\FREEPCBDEV\SCHEMATIC CONSTRUCTOR\DEBUG\PHP_POLYGON_VERTEX.OBJ
D:\FreePCBDev\Schematic Constructor\Debug\php_polygon_vertex.sbr
D:\FREEPCBDEV\SCHEMATIC CONSTRUCTOR\DEBUG\POLYLINE.OBJ
D:\FREEPCBDEV\SCHEMATIC CONSTRUCTOR\DEBUG\POLYLINE.SBR
D:\FREEPCBDEV\SCHEMATIC CONSTRUCTOR\DEBUG\QAFDEBUG.OBJ
D:\FreePCBDev\Schematic Constructor\Debug\QAFDebug.sbr
D:\FreePCBDev\Schematic Constructor\Debug\rc.command.1.tlog
D:\FreePCBDev\Schematic Constructor\Debug\rc.read.1.tlog
D:\FreePCBDev\Schematic Constructor\Debug\rc.write.1.tlog
D:\FREEPCBDEV\SCHEMATIC CONSTRUCTOR\DEBUG\READFOOTPRINTFOLDER.OBJ
D:\FREEPCBDEV\SCHEMATIC CONSTRUCTOR\DEBUG\READFOOTPRINTFOLDER.SBR
D:\FREEPCBDEV\SCHEMATIC CONSTRUCTOR\DEBUG\REPORTFILES.OBJ
D:\FREEPCBDEV\SCHEMATIC CONSTRUCTOR\DEBUG\REPORTFILES.SBR
D:\FREEPCBDEV\SCHEMATIC CONSTRUCTOR\DEBUG\RTCALL.OBJ
D:\FreePCBDev\Schematic Constructor\Debug\RTcall.sbr
D:\FREEPCBDEV\SCHEMATIC CONSTRUCTOR\DEBUG\SMCHARACTER.OBJ
D:\FreePCBDev\Schematic Constructor\Debug\smcharacter.sbr
D:\FREEPCBDEV\SCHEMATIC CONSTRUCTOR\DEBUG\SMFONTUTIL.OBJ
D:\FREEPCBDEV\SCHEMATIC CONSTRUCTOR\DEBUG\SMFONTUTIL.SBR
D:\FREEPCBDEV\SCHEMATIC CONSTRUCTOR\DEBUG\SPEEDFILES.OBJ
D:\FREEPCBDEV\SCHEMATIC CONSTRUCTOR\DEBUG\SPEEDFILES.SBR
D:\FREEPCBDEV\SCHEMATIC CONSTRUCTOR\DEBUG\STDAFX.OBJ
D:\FreePCBDev\Schematic Constructor\Debug\StdAfx.sbr
D:\FREEPCBDEV\SCHEMATIC CONSTRUCTOR\DEBUG\TAGTABLE.OBJ
D:\FREEPCBDEV\SCHEMATIC CONSTRUCTOR\DEBUG\TAGTABLE.SBR
D:\FREEPCBDEV\SCHEMATIC CONSTRUCTOR\DEBUG\TEXTLIST.OBJ
D:\FreePCBDev\Schematic Constructor\Debug\TextList.sbr
D:\FREEPCBDEV\SCHEMATIC CONSTRUCTOR\DEBUG\UNDOLIST.OBJ
D:\FreePCBDev\Schematic Constructor\Debug\UndoList.sbr
D:\FREEPCBDEV\SCHEMATIC CONSTRUCTOR\DEBUG\UTILITY.OBJ
D:\FREEPCBDEV\SCHEMATIC CONSTRUCTOR\DEBUG\UTILITY.SBR
D:\FreePCBDev\Schematic Constructor\Debug\vc100.idb
D:\FREEPCBDEV\SCHEMATIC CONSTRUCTOR\DEBUG\VC100.PDB
D:\FREEPCBDEV\SCHEMATIC CONSTRUCTOR\DEBUG\СхемАтор.EXE
